[2020-01-15 20:45:19] local.ERROR: Symfony\Component\Debug\Exception\FatalThrowableError: Class 'App\Logger\Logger' not found in /Users/ujwalabhishek/Sites/OpenLogger/app/Http/Controllers/OpenloggerController.php:40
Stack trace:
#0 [internal function]: App\Http\Controllers\OpenloggerController->write(Object(Laravel\Lumen\Http\Request))
#1 /Users/ujwalabhishek/Sites/OpenLogger/vendor/illuminate/container/BoundMethod.php(32): call_user_func_array(Array, Array)
#2 /Users/ujwalabhishek/Sites/OpenLogger/vendor/illuminate/container/Util.php(36): Illuminate\Container\BoundMethod::Illuminate\Container\{closure}()
#3 /Users/ujwalabhishek/Sites/OpenLogger/vendor/illuminate/container/BoundMethod.php(90): Illuminate\Container\Util::unwrapIfClosure(Object(Closure))
#4 /Users/ujwalabhishek/Sites/OpenLogger/vendor/illuminate/container/BoundMethod.php(34): Illuminate\Container\BoundMethod::callBoundMethod(Object(Laravel\Lumen\Application), Array, Object(Closure))
#5 /Users/ujwalabhishek/Sites/OpenLogger/vendor/illuminate/container/Container.php(590): Illuminate\Container\BoundMethod::call(Object(Laravel\Lumen\Application), Array, Array, NULL)
#6 /Users/ujwalabhishek/Sites/OpenLogger/vendor/laravel/lumen-framework/src/Concerns/RoutesRequests.php(376): Illuminate\Container\Container->call(Array, Array)
#7 /Users/ujwalabhishek/Sites/OpenLogger/vendor/laravel/lumen-framework/src/Concerns/RoutesRequests.php(342): Laravel\Lumen\Application->callControllerCallable(Array, Array)
#8 /Users/ujwalabhishek/Sites/OpenLogger/vendor/laravel/lumen-framework/src/Concerns/RoutesRequests.php(316): Laravel\Lumen\Application->callLumenController(Object(App\Http\Controllers\OpenloggerController), 'write', Array)
#9 /Users/ujwalabhishek/Sites/OpenLogger/vendor/laravel/lumen-framework/src/Concerns/RoutesRequests.php(278): Laravel\Lumen\Application->callControllerAction(Array)
#10 /Users/ujwalabhishek/Sites/OpenLogger/vendor/laravel/lumen-framework/src/Concerns/RoutesRequests.php(263): Laravel\Lumen\Application->callActionOnArrayBasedRoute(Array)
#11 /Users/ujwalabhishek/Sites/OpenLogger/vendor/laravel/lumen-framework/src/Concerns/RoutesRequests.php(165): Laravel\Lumen\Application->handleFoundRoute(Array)
#12 /Users/ujwalabhishek/Sites/OpenLogger/vendor/laravel/lumen-framework/src/Concerns/RoutesRequests.php(416): Laravel\Lumen\Application->Laravel\Lumen\Concerns\{closure}(Object(Laravel\Lumen\Http\Request))
#13 /Users/ujwalabhishek/Sites/OpenLogger/vendor/laravel/lumen-framework/src/Concerns/RoutesRequests.php(171): Laravel\Lumen\Application->sendThroughPipeline(Array, Object(Closure))
#14 /Users/ujwalabhishek/Sites/OpenLogger/vendor/laravel/lumen-framework/src/Concerns/RoutesRequests.php(108): Laravel\Lumen\Application->dispatch(NULL)
#15 /Users/ujwalabhishek/Sites/OpenLogger/public/index.php(28): Laravel\Lumen\Application->run()
#16 {main} {"exception":"[object] (Symfony\\Component\\Debug\\Exception\\FatalThrowableError(code: 0): Class 'App\\Logger\\Logger' not found at /Users/ujwalabhishek/Sites/OpenLogger/app/Http/Controllers/OpenloggerController.php:40)
[stacktrace]
#0 [internal function]: App\\Http\\Controllers\\OpenloggerController->write(Object(Laravel\\Lumen\\Http\\Request))
#1 /Users/ujwalabhishek/Sites/OpenLogger/vendor/illuminate/container/BoundMethod.php(32): call_user_func_array(Array, Array)
#2 /Users/ujwalabhishek/Sites/OpenLogger/vendor/illuminate/container/Util.php(36): Illuminate\\Container\\BoundMethod::Illuminate\\Container\\{closure}()
#3 /Users/ujwalabhishek/Sites/OpenLogger/vendor/illuminate/container/BoundMethod.php(90): Illuminate\\Container\\Util::unwrapIfClosure(Object(Closure))
#4 /Users/ujwalabhishek/Sites/OpenLogger/vendor/illuminate/container/BoundMethod.php(34): Illuminate\\Container\\BoundMethod::callBoundMethod(Object(Laravel\\Lumen\\Application), Array, Object(Closure))
#5 /Users/ujwalabhishek/Sites/OpenLogger/vendor/illuminate/container/Container.php(590): Illuminate\\Container\\BoundMethod::call(Object(Laravel\\Lumen\\Application), Array, Array, NULL)
#6 /Users/ujwalabhishek/Sites/OpenLogger/vendor/laravel/lumen-framework/src/Concerns/RoutesRequests.php(376): Illuminate\\Container\\Container->call(Array, Array)
#7 /Users/ujwalabhishek/Sites/OpenLogger/vendor/laravel/lumen-framework/src/Concerns/RoutesRequests.php(342): Laravel\\Lumen\\Application->callControllerCallable(Array, Array)
#8 /Users/ujwalabhishek/Sites/OpenLogger/vendor/laravel/lumen-framework/src/Concerns/RoutesRequests.php(316): Laravel\\Lumen\\Application->callLumenController(Object(App\\Http\\Controllers\\OpenloggerController), 'write', Array)
#9 /Users/ujwalabhishek/Sites/OpenLogger/vendor/laravel/lumen-framework/src/Concerns/RoutesRequests.php(278): Laravel\\Lumen\\Application->callControllerAction(Array)
#10 /Users/ujwalabhishek/Sites/OpenLogger/vendor/laravel/lumen-framework/src/Concerns/RoutesRequests.php(263): Laravel\\Lumen\\Application->callActionOnArrayBasedRoute(Array)
#11 /Users/ujwalabhishek/Sites/OpenLogger/vendor/laravel/lumen-framework/src/Concerns/RoutesRequests.php(165): Laravel\\Lumen\\Application->handleFoundRoute(Array)
#12 /Users/ujwalabhishek/Sites/OpenLogger/vendor/laravel/lumen-framework/src/Concerns/RoutesRequests.php(416): Laravel\\Lumen\\Application->Laravel\\Lumen\\Concerns\\{closure}(Object(Laravel\\Lumen\\Http\\Request))
#13 /Users/ujwalabhishek/Sites/OpenLogger/vendor/laravel/lumen-framework/src/Concerns/RoutesRequests.php(171): Laravel\\Lumen\\Application->sendThroughPipeline(Array, Object(Closure))
#14 /Users/ujwalabhishek/Sites/OpenLogger/vendor/laravel/lumen-framework/src/Concerns/RoutesRequests.php(108): Laravel\\Lumen\\Application->dispatch(NULL)
#15 /Users/ujwalabhishek/Sites/OpenLogger/public/index.php(28): Laravel\\Lumen\\Application->run()
#16 {main}
"} 
[2020-01-15 21:19:09] local.ERROR: Symfony\Component\Debug\Exception\FatalThrowableError: syntax error, unexpected 'echo' (T_ECHO), expecting function (T_FUNCTION) or const (T_CONST) in /Users/ujwalabhishek/Sites/OpenLogger/app/Logger.php:67
Stack trace:
#0 /Users/ujwalabhishek/Sites/OpenLogger/vendor/composer/ClassLoader.php(444): include()
#1 /Users/ujwalabhishek/Sites/OpenLogger/vendor/composer/ClassLoader.php(322): Composer\Autoload\includeFile('/Users/ujwalabh...')
#2 [internal function]: Composer\Autoload\ClassLoader->loadClass('App\\Http\\Contro...')
#3 [internal function]: spl_autoload_call('App\\Http\\Contro...')
#4 /Users/ujwalabhishek/Sites/OpenLogger/vendor/illuminate/container/Container.php(803): ReflectionClass->__construct('App\\Http\\Contro...')
#5 /Users/ujwalabhishek/Sites/OpenLogger/vendor/illuminate/container/Container.php(681): Illuminate\Container\Container->build('App\\Http\\Contro...')
#6 /Users/ujwalabhishek/Sites/OpenLogger/vendor/illuminate/container/Container.php(629): Illuminate\Container\Container->resolve('App\\Http\\Contro...', Array)
#7 /Users/ujwalabhishek/Sites/OpenLogger/vendor/laravel/lumen-framework/src/Application.php(267): Illuminate\Container\Container->make('App\\Http\\Contro...', Array)
#8 /Users/ujwalabhishek/Sites/OpenLogger/vendor/laravel/lumen-framework/src/Concerns/RoutesRequests.php(311): Laravel\Lumen\Application->make('App\\Http\\Contro...')
#9 /Users/ujwalabhishek/Sites/OpenLogger/vendor/laravel/lumen-framework/src/Concerns/RoutesRequests.php(278): Laravel\Lumen\Application->callControllerAction(Array)
#10 /Users/ujwalabhishek/Sites/OpenLogger/vendor/laravel/lumen-framework/src/Concerns/RoutesRequests.php(263): Laravel\Lumen\Application->callActionOnArrayBasedRoute(Array)
#11 /Users/ujwalabhishek/Sites/OpenLogger/vendor/laravel/lumen-framework/src/Concerns/RoutesRequests.php(165): Laravel\Lumen\Application->handleFoundRoute(Array)
#12 /Users/ujwalabhishek/Sites/OpenLogger/vendor/laravel/lumen-framework/src/Concerns/RoutesRequests.php(416): Laravel\Lumen\Application->Laravel\Lumen\Concerns\{closure}(Object(Laravel\Lumen\Http\Request))
#13 /Users/ujwalabhishek/Sites/OpenLogger/vendor/laravel/lumen-framework/src/Concerns/RoutesRequests.php(171): Laravel\Lumen\Application->sendThroughPipeline(Array, Object(Closure))
#14 /Users/ujwalabhishek/Sites/OpenLogger/vendor/laravel/lumen-framework/src/Concerns/RoutesRequests.php(108): Laravel\Lumen\Application->dispatch(NULL)
#15 /Users/ujwalabhishek/Sites/OpenLogger/public/index.php(28): Laravel\Lumen\Application->run()
#16 {main} {"exception":"[object] (Symfony\\Component\\Debug\\Exception\\FatalThrowableError(code: 0): syntax error, unexpected 'echo' (T_ECHO), expecting function (T_FUNCTION) or const (T_CONST) at /Users/ujwalabhishek/Sites/OpenLogger/app/Logger.php:67)
[stacktrace]
#0 /Users/ujwalabhishek/Sites/OpenLogger/vendor/composer/ClassLoader.php(444): include()
#1 /Users/ujwalabhishek/Sites/OpenLogger/vendor/composer/ClassLoader.php(322): Composer\\Autoload\\includeFile('/Users/ujwalabh...')
#2 [internal function]: Composer\\Autoload\\ClassLoader->loadClass('App\\\\Http\\\\Contro...')
#3 [internal function]: spl_autoload_call('App\\\\Http\\\\Contro...')
#4 /Users/ujwalabhishek/Sites/OpenLogger/vendor/illuminate/container/Container.php(803): ReflectionClass->__construct('App\\\\Http\\\\Contro...')
#5 /Users/ujwalabhishek/Sites/OpenLogger/vendor/illuminate/container/Container.php(681): Illuminate\\Container\\Container->build('App\\\\Http\\\\Contro...')
#6 /Users/ujwalabhishek/Sites/OpenLogger/vendor/illuminate/container/Container.php(629): Illuminate\\Container\\Container->resolve('App\\\\Http\\\\Contro...', Array)
#7 /Users/ujwalabhishek/Sites/OpenLogger/vendor/laravel/lumen-framework/src/Application.php(267): Illuminate\\Container\\Container->make('App\\\\Http\\\\Contro...', Array)
#8 /Users/ujwalabhishek/Sites/OpenLogger/vendor/laravel/lumen-framework/src/Concerns/RoutesRequests.php(311): Laravel\\Lumen\\Application->make('App\\\\Http\\\\Contro...')
#9 /Users/ujwalabhishek/Sites/OpenLogger/vendor/laravel/lumen-framework/src/Concerns/RoutesRequests.php(278): Laravel\\Lumen\\Application->callControllerAction(Array)
#10 /Users/ujwalabhishek/Sites/OpenLogger/vendor/laravel/lumen-framework/src/Concerns/RoutesRequests.php(263): Laravel\\Lumen\\Application->callActionOnArrayBasedRoute(Array)
#11 /Users/ujwalabhishek/Sites/OpenLogger/vendor/laravel/lumen-framework/src/Concerns/RoutesRequests.php(165): Laravel\\Lumen\\Application->handleFoundRoute(Array)
#12 /Users/ujwalabhishek/Sites/OpenLogger/vendor/laravel/lumen-framework/src/Concerns/RoutesRequests.php(416): Laravel\\Lumen\\Application->Laravel\\Lumen\\Concerns\\{closure}(Object(Laravel\\Lumen\\Http\\Request))
#13 /Users/ujwalabhishek/Sites/OpenLogger/vendor/laravel/lumen-framework/src/Concerns/RoutesRequests.php(171): Laravel\\Lumen\\Application->sendThroughPipeline(Array, Object(Closure))
#14 /Users/ujwalabhishek/Sites/OpenLogger/vendor/laravel/lumen-framework/src/Concerns/RoutesRequests.php(108): Laravel\\Lumen\\Application->dispatch(NULL)
#15 /Users/ujwalabhishek/Sites/OpenLogger/public/index.php(28): Laravel\\Lumen\\Application->run()
#16 {main}
"} 
[2020-01-15 21:20:18] local.ERROR: Symfony\Component\Debug\Exception\FatalThrowableError: syntax error, unexpected 'echo' (T_ECHO), expecting function (T_FUNCTION) or const (T_CONST) in /Users/ujwalabhishek/Sites/OpenLogger/app/Logger.php:69
Stack trace:
#0 /Users/ujwalabhishek/Sites/OpenLogger/vendor/composer/ClassLoader.php(444): include()
#1 /Users/ujwalabhishek/Sites/OpenLogger/vendor/composer/ClassLoader.php(322): Composer\Autoload\includeFile('/Users/ujwalabh...')
#2 [internal function]: Composer\Autoload\ClassLoader->loadClass('App\\Http\\Contro...')
#3 [internal function]: spl_autoload_call('App\\Http\\Contro...')
#4 /Users/ujwalabhishek/Sites/OpenLogger/vendor/illuminate/container/Container.php(803): ReflectionClass->__construct('App\\Http\\Contro...')
#5 /Users/ujwalabhishek/Sites/OpenLogger/vendor/illuminate/container/Container.php(681): Illuminate\Container\Container->build('App\\Http\\Contro...')
#6 /Users/ujwalabhishek/Sites/OpenLogger/vendor/illuminate/container/Container.php(629): Illuminate\Container\Container->resolve('App\\Http\\Contro...', Array)
#7 /Users/ujwalabhishek/Sites/OpenLogger/vendor/laravel/lumen-framework/src/Application.php(267): Illuminate\Container\Container->make('App\\Http\\Contro...', Array)
#8 /Users/ujwalabhishek/Sites/OpenLogger/vendor/laravel/lumen-framework/src/Concerns/RoutesRequests.php(311): Laravel\Lumen\Application->make('App\\Http\\Contro...')
#9 /Users/ujwalabhishek/Sites/OpenLogger/vendor/laravel/lumen-framework/src/Concerns/RoutesRequests.php(278): Laravel\Lumen\Application->callControllerAction(Array)
#10 /Users/ujwalabhishek/Sites/OpenLogger/vendor/laravel/lumen-framework/src/Concerns/RoutesRequests.php(263): Laravel\Lumen\Application->callActionOnArrayBasedRoute(Array)
#11 /Users/ujwalabhishek/Sites/OpenLogger/vendor/laravel/lumen-framework/src/Concerns/RoutesRequests.php(165): Laravel\Lumen\Application->handleFoundRoute(Array)
#12 /Users/ujwalabhishek/Sites/OpenLogger/vendor/laravel/lumen-framework/src/Concerns/RoutesRequests.php(416): Laravel\Lumen\Application->Laravel\Lumen\Concerns\{closure}(Object(Laravel\Lumen\Http\Request))
#13 /Users/ujwalabhishek/Sites/OpenLogger/vendor/laravel/lumen-framework/src/Concerns/RoutesRequests.php(171): Laravel\Lumen\Application->sendThroughPipeline(Array, Object(Closure))
#14 /Users/ujwalabhishek/Sites/OpenLogger/vendor/laravel/lumen-framework/src/Concerns/RoutesRequests.php(108): Laravel\Lumen\Application->dispatch(NULL)
#15 /Users/ujwalabhishek/Sites/OpenLogger/public/index.php(28): Laravel\Lumen\Application->run()
#16 {main} {"exception":"[object] (Symfony\\Component\\Debug\\Exception\\FatalThrowableError(code: 0): syntax error, unexpected 'echo' (T_ECHO), expecting function (T_FUNCTION) or const (T_CONST) at /Users/ujwalabhishek/Sites/OpenLogger/app/Logger.php:69)
[stacktrace]
#0 /Users/ujwalabhishek/Sites/OpenLogger/vendor/composer/ClassLoader.php(444): include()
#1 /Users/ujwalabhishek/Sites/OpenLogger/vendor/composer/ClassLoader.php(322): Composer\\Autoload\\includeFile('/Users/ujwalabh...')
#2 [internal function]: Composer\\Autoload\\ClassLoader->loadClass('App\\\\Http\\\\Contro...')
#3 [internal function]: spl_autoload_call('App\\\\Http\\\\Contro...')
#4 /Users/ujwalabhishek/Sites/OpenLogger/vendor/illuminate/container/Container.php(803): ReflectionClass->__construct('App\\\\Http\\\\Contro...')
#5 /Users/ujwalabhishek/Sites/OpenLogger/vendor/illuminate/container/Container.php(681): Illuminate\\Container\\Container->build('App\\\\Http\\\\Contro...')
#6 /Users/ujwalabhishek/Sites/OpenLogger/vendor/illuminate/container/Container.php(629): Illuminate\\Container\\Container->resolve('App\\\\Http\\\\Contro...', Array)
#7 /Users/ujwalabhishek/Sites/OpenLogger/vendor/laravel/lumen-framework/src/Application.php(267): Illuminate\\Container\\Container->make('App\\\\Http\\\\Contro...', Array)
#8 /Users/ujwalabhishek/Sites/OpenLogger/vendor/laravel/lumen-framework/src/Concerns/RoutesRequests.php(311): Laravel\\Lumen\\Application->make('App\\\\Http\\\\Contro...')
#9 /Users/ujwalabhishek/Sites/OpenLogger/vendor/laravel/lumen-framework/src/Concerns/RoutesRequests.php(278): Laravel\\Lumen\\Application->callControllerAction(Array)
#10 /Users/ujwalabhishek/Sites/OpenLogger/vendor/laravel/lumen-framework/src/Concerns/RoutesRequests.php(263): Laravel\\Lumen\\Application->callActionOnArrayBasedRoute(Array)
#11 /Users/ujwalabhishek/Sites/OpenLogger/vendor/laravel/lumen-framework/src/Concerns/RoutesRequests.php(165): Laravel\\Lumen\\Application->handleFoundRoute(Array)
#12 /Users/ujwalabhishek/Sites/OpenLogger/vendor/laravel/lumen-framework/src/Concerns/RoutesRequests.php(416): Laravel\\Lumen\\Application->Laravel\\Lumen\\Concerns\\{closure}(Object(Laravel\\Lumen\\Http\\Request))
#13 /Users/ujwalabhishek/Sites/OpenLogger/vendor/laravel/lumen-framework/src/Concerns/RoutesRequests.php(171): Laravel\\Lumen\\Application->sendThroughPipeline(Array, Object(Closure))
#14 /Users/ujwalabhishek/Sites/OpenLogger/vendor/laravel/lumen-framework/src/Concerns/RoutesRequests.php(108): Laravel\\Lumen\\Application->dispatch(NULL)
#15 /Users/ujwalabhishek/Sites/OpenLogger/public/index.php(28): Laravel\\Lumen\\Application->run()
#16 {main}
"} 
