[2020-01-22 9:26:31] [debug] Error creating the log file 
    ErrorType: 'RuntimeException'
    File: 'Logger.php'
    Lineno: '45'
    ErrorCode: '4'
[2020-01-22 9:26:32] [debug] Error creating the log file 
    ErrorType: 'RuntimeException'
    File: 'Logger.php'
    Lineno: '45'
    ErrorCode: '4'
[2020-01-22 9:26:33] [debug] Error creating the log file 
    ErrorType: 'RuntimeException'
    File: 'Logger.php'
    Lineno: '45'
    ErrorCode: '4'


[2020-01-22 9:59:50] [debug] Error creating the log file 
    ErrorType: 'RuntimeException'
    File: 'Logger.php'
    Lineno: '45'
    ErrorCode: '4'
[2020-01-22 10:01:42] [debug] Error creating the log file 
    ErrorType: 'RuntimeException'
    File: 'Logger.php'
    Lineno: '45'
    ErrorCode: '4'
[2020-01-22 10:08:48] [debug] Error creating the log file 
    ErrorType: 'RuntimeException'
    File: 'Logger.php'
    Lineno: '45'
    ErrorCode: '4'
[2020-01-22 10:09:04] [debug] Error creating the log file 
    ErrorType: 'RuntimeException'
    File: 'Logger.php'
    Lineno: '45'
    ErrorCode: '4'
[2020-01-22 10:09:22] [debug] Error creating the log file 
    ErrorType: 'RuntimeException'
    File: 'Logger.php'
    Lineno: '45'
    ErrorCode: '4'
[2020-01-22 10:11:52] [debug] Error creating the log file 
    ErrorType: 'RuntimeException'
    File: 'Logger.php'
    Lineno: '45'
    ErrorCode: '4'
[2020-01-22 10:13:16] [debug] Error creating the log file 
    ErrorType: 'RuntimeException'
    File: 'Logger.php'
    Lineno: '45'
    ErrorCode: '4'
[2020-01-22 10:13:31] [debug] Error creating the log file 
    ErrorType: 'RuntimeException'
    File: 'Logger.php'
    Lineno: '45'
    ErrorCode: '4'
[2020-01-22 10:16:57] [debug] Error creating the log file 
    ErrorType: 'RuntimeException'
    File: 'Logger.php'
    Lineno: '45'
    ErrorCode: '4'
[2020-01-22 10:40:08] [error] Error writing to the log file 
[2020-01-22 10:49:53] [debug] Error creating the log file 
[2020-01-22 11:04:43] [debug] Error creating the log file 
    ErrorType: 'RuntimeException'
    File: 'Logger.php'
    Lineno: '45'
    ErrorCode: '4'
